0 info it worked if it ends with ok
1 verbose cli [ '/usr/local/bin/node', '/usr/local/bin/npm', 'install' ]
2 info using npm@1.4.9
3 info using node@v0.10.28
4 warn package.json review.ninja@0.0.1-1 No repository field.
5 verbose readDependencies using package.json deps
6 verbose install where, deps [ '/Users/dominiktornow/Desktop/Hello-World',
6 verbose install   [ 'async',
6 verbose install     'body-parser',
6 verbose install     'colors',
6 verbose install     'cookie-parser',
6 verbose install     'cookie-session',
6 verbose install     'express',
6 verbose install     'express-session',
6 verbose install     'github',
6 verbose install     'glob',
6 verbose install     'merge',
6 verbose install     'mongoose',
6 verbose install     'passport',
6 verbose install     'passport-github',
6 verbose install     'redis',
6 verbose install     'bower',
6 verbose install     'grunt',
6 verbose install     'grunt-cli',
6 verbose install     'grunt-contrib-jshint',
6 verbose install     'grunt-karma',
6 verbose install     'grunt-mocha-test',
6 verbose install     'karma',
6 verbose install     'karma-mocha',
6 verbose install     'karma-phantomjs-launcher',
6 verbose install     'karma-reviewninja-reporter',
6 verbose install     'mkdirp',
6 verbose install     'mocha',
6 verbose install     'should',
6 verbose install     'sinon',
6 verbose install     'zombie' ] ]
7 info preinstall review.ninja@0.0.1-1
8 verbose readDependencies using package.json deps
9 verbose already installed skipping cookie-parser@^1.1.0 /Users/dominiktornow/Desktop/Hello-World
10 verbose already installed skipping colors@^0.6.2 /Users/dominiktornow/Desktop/Hello-World
11 verbose already installed skipping cookie-session@^1.0.2 /Users/dominiktornow/Desktop/Hello-World
12 verbose already installed skipping express@^4.3.1 /Users/dominiktornow/Desktop/Hello-World
13 verbose already installed skipping express-session@^1.2.0 /Users/dominiktornow/Desktop/Hello-World
14 verbose already installed skipping github@^0.1.16 /Users/dominiktornow/Desktop/Hello-World
15 verbose already installed skipping glob@^4.0.0 /Users/dominiktornow/Desktop/Hello-World
16 verbose already installed skipping merge@^1.1.3 /Users/dominiktornow/Desktop/Hello-World
17 verbose already installed skipping mongoose@^3.8.11 /Users/dominiktornow/Desktop/Hello-World
18 verbose already installed skipping passport@^0.2.0 /Users/dominiktornow/Desktop/Hello-World
19 verbose already installed skipping passport-github@^0.1.5 /Users/dominiktornow/Desktop/Hello-World
20 verbose already installed skipping redis@^0.10.3 /Users/dominiktornow/Desktop/Hello-World
21 verbose already installed skipping bower@^1.3.3 /Users/dominiktornow/Desktop/Hello-World
22 verbose already installed skipping grunt@0.4.1 /Users/dominiktornow/Desktop/Hello-World
23 verbose already installed skipping grunt-cli@0.1.9 /Users/dominiktornow/Desktop/Hello-World
24 verbose already installed skipping grunt-contrib-jshint@0.6.3 /Users/dominiktornow/Desktop/Hello-World
25 verbose already installed skipping grunt-karma@^0.8.3 /Users/dominiktornow/Desktop/Hello-World
26 verbose already installed skipping grunt-mocha-test@^0.10.2 /Users/dominiktornow/Desktop/Hello-World
27 verbose already installed skipping karma@^0.12.16 /Users/dominiktornow/Desktop/Hello-World
28 verbose already installed skipping karma-mocha@^0.1.3 /Users/dominiktornow/Desktop/Hello-World
29 verbose already installed skipping karma-phantomjs-launcher@0.1.4 /Users/dominiktornow/Desktop/Hello-World
30 verbose cache add [ 'karma-reviewninja-reporter@git://github.com/MitchK/karma-reviewninja-reporter',
30 verbose cache add   null ]
31 verbose cache add name=undefined spec="karma-reviewninja-reporter@git://github.com/MitchK/karma-reviewninja-reporter" args=["karma-reviewninja-reporter@git://github.com/MitchK/karma-reviewninja-reporter",null]
32 verbose parsed url { protocol: null,
32 verbose parsed url   slashes: null,
32 verbose parsed url   auth: null,
32 verbose parsed url   host: null,
32 verbose parsed url   port: null,
32 verbose parsed url   hostname: null,
32 verbose parsed url   hash: null,
32 verbose parsed url   search: null,
32 verbose parsed url   query: null,
32 verbose parsed url   pathname: 'karma-reviewninja-reporter@git://github.com/MitchK/karma-reviewninja-reporter',
32 verbose parsed url   path: 'karma-reviewninja-reporter@git://github.com/MitchK/karma-reviewninja-reporter',
32 verbose parsed url   href: 'karma-reviewninja-reporter@git://github.com/MitchK/karma-reviewninja-reporter' }
33 verbose cache add [ 'mkdirp@0.5.0', null ]
34 verbose cache add name=undefined spec="mkdirp@0.5.0" args=["mkdirp@0.5.0",null]
35 verbose parsed url { protocol: null,
35 verbose parsed url   slashes: null,
35 verbose parsed url   auth: null,
35 verbose parsed url   host: null,
35 verbose parsed url   port: null,
35 verbose parsed url   hostname: null,
35 verbose parsed url   hash: null,
35 verbose parsed url   search: null,
35 verbose parsed url   query: null,
35 verbose parsed url   pathname: 'mkdirp@0.5.0',
35 verbose parsed url   path: 'mkdirp@0.5.0',
35 verbose parsed url   href: 'mkdirp@0.5.0' }
36 verbose cache add name="mkdirp" spec="0.5.0" args=["mkdirp","0.5.0"]
37 verbose parsed url { protocol: null,
37 verbose parsed url   slashes: null,
37 verbose parsed url   auth: null,
37 verbose parsed url   host: null,
37 verbose parsed url   port: null,
37 verbose parsed url   hostname: null,
37 verbose parsed url   hash: null,
37 verbose parsed url   search: null,
37 verbose parsed url   query: null,
37 verbose parsed url   pathname: '0.5.0',
37 verbose parsed url   path: '0.5.0',
37 verbose parsed url   href: '0.5.0' }
38 verbose addNamed [ 'mkdirp', '0.5.0' ]
39 verbose addNamed [ '0.5.0', '0.5.0' ]
40 verbose already installed skipping mocha@^1.19.0 /Users/dominiktornow/Desktop/Hello-World
41 verbose cache add name="karma-reviewninja-reporter" spec="git://github.com/MitchK/karma-reviewninja-reporter" args=["karma-reviewninja-reporter","git://github.com/MitchK/karma-reviewninja-reporter"]
42 verbose parsed url { protocol: 'git:',
42 verbose parsed url   slashes: true,
42 verbose parsed url   auth: null,
42 verbose parsed url   host: 'github.com',
42 verbose parsed url   port: null,
42 verbose parsed url   hostname: 'github.com',
42 verbose parsed url   hash: null,
42 verbose parsed url   search: null,
42 verbose parsed url   query: null,
42 verbose parsed url   pathname: '/MitchK/karma-reviewninja-reporter',
42 verbose parsed url   path: '/MitchK/karma-reviewninja-reporter',
42 verbose parsed url   href: 'git://github.com/MitchK/karma-reviewninja-reporter' }
43 silly lockFile bf9ae38d-mkdirp-0-5-0 mkdirp@0.5.0
44 verbose lock mkdirp@0.5.0 /Users/dominiktornow/.npm/bf9ae38d-mkdirp-0-5-0.lock
45 verbose already installed skipping should@^3.3.1 /Users/dominiktornow/Desktop/Hello-World
46 silly lockFile d2293e69-itchK-karma-reviewninja-reporter git://github.com/MitchK/karma-reviewninja-reporter
47 verbose lock git://github.com/MitchK/karma-reviewninja-reporter /Users/dominiktornow/.npm/d2293e69-itchK-karma-reviewninja-reporter.lock
48 verbose already installed skipping sinon@^1.10.2 /Users/dominiktornow/Desktop/Hello-World
49 verbose addRemoteGit [ 'git://github.com/MitchK/karma-reviewninja-reporter',
49 verbose addRemoteGit   'master' ]
50 verbose already installed skipping zombie@^2.0.0-alpha31 /Users/dominiktornow/Desktop/Hello-World
51 silly lockFile d2293e69-itchK-karma-reviewninja-reporter git://github.com/MitchK/karma-reviewninja-reporter
52 silly lockFile d2293e69-itchK-karma-reviewninja-reporter git://github.com/MitchK/karma-reviewninja-reporter
53 verbose url raw mkdirp
54 verbose url resolving [ 'https://registry.npmjs.org/', './mkdirp' ]
55 verbose url resolved https://registry.npmjs.org/mkdirp
56 info trying registry request attempt 1 at 11:25:28
57 verbose etag "K7730OV2C5Q7YNJN8DD6AB0Z"
58 http GET https://registry.npmjs.org/mkdirp
59 verbose already installed skipping body-parser@^1.2.0 /Users/dominiktornow/Desktop/Hello-World
60 verbose already installed skipping async@^0.9.0 /Users/dominiktornow/Desktop/Hello-World
61 error Error: EACCES, mkdir '/Users/dominiktornow/.npm/_git-remotes/git-github-com-MitchK-karma-reviewninja-reporter-d2293e69'
61 error  { [Error: EACCES, mkdir '/Users/dominiktornow/.npm/_git-remotes/git-github-com-MitchK-karma-reviewninja-reporter-d2293e69']
61 error   errno: 3,
61 error   code: 'EACCES',
61 error   path: '/Users/dominiktornow/.npm/_git-remotes/git-github-com-MitchK-karma-reviewninja-reporter-d2293e69',
61 error   parent: 'review.ninja' }
62 error Please try running this command again as root/Administrator.
63 error System Darwin 13.2.0
64 error command "/usr/local/bin/node" "/usr/local/bin/npm" "install"
65 error cwd /Users/dominiktornow/Desktop/Hello-World
66 error node -v v0.10.28
67 error npm -v 1.4.9
68 error path /Users/dominiktornow/.npm/_git-remotes/git-github-com-MitchK-karma-reviewninja-reporter-d2293e69
69 error code EACCES
70 error errno 3
71 error stack Error: EACCES, mkdir '/Users/dominiktornow/.npm/_git-remotes/git-github-com-MitchK-karma-reviewninja-reporter-d2293e69'
72 verbose exit [ 3, true ]
